{"C:\\Users\\Jack\\Desktop\\user-management\\src\\app.js": {"path":"C:\\Users\\Jack\\Desktop\\user-management\\src\\app.js","statementMap":{"0":{"start":{"line":1,"column":0},"end":{"line":1,"column":27}},"1":{"start":{"line":2,"column":16},"end":{"line":2,"column":34}},"2":{"start":{"line":3,"column":15},"end":{"line":3,"column":32}},"3":{"start":{"line":4,"column":13},"end":{"line":4,"column":28}},"4":{"start":{"line":5,"column":18},"end":{"line":5,"column":47}},"5":{"start":{"line":6,"column":18},"end":{"line":6,"column":47}},"6":{"start":{"line":7,"column":20},"end":{"line":7,"column":47}},"7":{"start":{"line":8,"column":18},"end":{"line":8,"column":46}},"8":{"start":{"line":9,"column":15},"end":{"line":9,"column":41}},"9":{"start":{"line":10,"column":21},"end":{"line":10,"column":58}},"10":{"start":{"line":12,"column":19},"end":{"line":12,"column":43}},"11":{"start":{"line":13,"column":19},"end":{"line":13,"column":44}},"12":{"start":{"line":15,"column":12},"end":{"line":15,"column":21}},"13":{"start":{"line":18,"column":0},"end":{"line":18,"column":18}},"14":{"start":{"line":21,"column":23},"end":{"line":23,"column":54}},"15":{"start":{"line":25,"column":0},"end":{"line":33,"column":2}},"16":{"start":{"line":28,"column":6},"end":{"line":28,"column":82}},"17":{"start":{"line":28,"column":54},"end":{"line":28,"column":82}},"18":{"start":{"line":29,"column":6},"end":{"line":29,"column":49}},"19":{"start":{"line":36,"column":21},"end":{"line":46,"column":2}},"20":{"start":{"line":45,"column":14},"end":{"line":45,"column":45}},"21":{"start":{"line":49,"column":0},"end":{"line":49,"column":41}},"22":{"start":{"line":50,"column":0},"end":{"line":50,"column":49}},"23":{"start":{"line":53,"column":0},"end":{"line":53,"column":68}},"24":{"start":{"line":56,"column":0},"end":{"line":63,"column":3}},"25":{"start":{"line":57,"column":2},"end":{"line":62,"column":3}},"26":{"start":{"line":58,"column":4},"end":{"line":58,"column":35}},"27":{"start":{"line":59,"column":4},"end":{"line":59,"column":85}},"28":{"start":{"line":61,"column":4},"end":{"line":61,"column":66}},"29":{"start":{"line":66,"column":0},"end":{"line":66,"column":41}},"30":{"start":{"line":67,"column":0},"end":{"line":67,"column":33}},"31":{"start":{"line":68,"column":0},"end":{"line":68,"column":34}},"32":{"start":{"line":71,"column":0},"end":{"line":77,"column":3}},"33":{"start":{"line":72,"column":2},"end":{"line":76,"column":5}},"34":{"start":{"line":80,"column":0},"end":{"line":80,"column":22}},"35":{"start":{"line":83,"column":13},"end":{"line":83,"column":37}},"36":{"start":{"line":85,"column":14},"end":{"line":98,"column":1}},"37":{"start":{"line":86,"column":2},"end":{"line":97,"column":3}},"38":{"start":{"line":87,"column":4},"end":{"line":87,"column":35}},"39":{"start":{"line":88,"column":4},"end":{"line":88,"column":27}},"40":{"start":{"line":89,"column":4},"end":{"line":89,"column":51}},"41":{"start":{"line":90,"column":4},"end":{"line":93,"column":7}},"42":{"start":{"line":91,"column":6},"end":{"line":91,"column":52}},"43":{"start":{"line":92,"column":6},"end":{"line":92,"column":65}},"44":{"start":{"line":95,"column":4},"end":{"line":95,"column":64}},"45":{"start":{"line":96,"column":4},"end":{"line":96,"column":20}},"46":{"start":{"line":101,"column":0},"end":{"line":103,"column":1}},"47":{"start":{"line":102,"column":2},"end":{"line":102,"column":10}},"48":{"start":{"line":105,"column":0},"end":{"line":105,"column":21}}},"fnMap":{"0":{"name":"(anonymous_0)","decl":{"start":{"line":27,"column":12},"end":{"line":27,"column":13}},"loc":{"start":{"line":27,"column":34},"end":{"line":30,"column":5}},"line":27},"1":{"name":"(anonymous_1)","decl":{"start":{"line":45,"column":8},"end":{"line":45,"column":9}},"loc":{"start":{"line":45,"column":14},"end":{"line":45,"column":45}},"line":45},"2":{"name":"(anonymous_2)","decl":{"start":{"line":56,"column":19},"end":{"line":56,"column":20}},"loc":{"start":{"line":56,"column":39},"end":{"line":63,"column":1}},"line":56},"3":{"name":"(anonymous_3)","decl":{"start":{"line":71,"column":8},"end":{"line":71,"column":9}},"loc":{"start":{"line":71,"column":22},"end":{"line":77,"column":1}},"line":71},"4":{"name":"(anonymous_4)","decl":{"start":{"line":85,"column":14},"end":{"line":85,"column":15}},"loc":{"start":{"line":85,"column":26},"end":{"line":98,"column":1}},"line":85},"5":{"name":"(anonymous_5)","decl":{"start":{"line":90,"column":21},"end":{"line":90,"column":22}},"loc":{"start":{"line":90,"column":27},"end":{"line":93,"column":5}},"line":90}},"branchMap":{"0":{"loc":{"start":{"line":21,"column":23},"end":{"line":23,"column":54}},"type":"cond-expr","locations":[{"start":{"line":22,"column":4},"end":{"line":22,"column":42}},{"start":{"line":23,"column":4},"end":{"line":23,"column":54}}],"line":21},"1":{"loc":{"start":{"line":28,"column":6},"end":{"line":28,"column":82}},"type":"if","locations":[{"start":{"line":28,"column":6},"end":{"line":28,"column":82}},{"start":{},"end":{}}],"line":28},"2":{"loc":{"start":{"line":28,"column":10},"end":{"line":28,"column":52}},"type":"binary-expr","locations":[{"start":{"line":28,"column":10},"end":{"line":28,"column":17}},{"start":{"line":28,"column":21},"end":{"line":28,"column":52}}],"line":28},"3":{"loc":{"start":{"line":83,"column":13},"end":{"line":83,"column":37}},"type":"binary-expr","locations":[{"start":{"line":83,"column":13},"end":{"line":83,"column":29}},{"start":{"line":83,"column":33},"end":{"line":83,"column":37}}],"line":83},"4":{"loc":{"start":{"line":101,"column":0},"end":{"line":103,"column":1}},"type":"if","locations":[{"start":{"line":101,"column":0},"end":{"line":103,"column":1}},{"start":{},"end":{}}],"line":101}},"s":{"0":1,"1":1,"2":1,"3":1,"4":1,"5":1,"6":1,"7":1,"8":1,"9":1,"10":1,"11":1,"12":1,"13":1,"14":1,"15":1,"16":29,"17":29,"18":0,"19":1,"20":9,"21":1,"22":1,"23":1,"24":1,"25":0,"26":0,"27":0,"28":0,"29":1,"30":1,"31":1,"32":1,"33":0,"34":1,"35":1,"36":1,"37":0,"38":0,"39":0,"40":0,"41":0,"42":0,"43":0,"44":0,"45":0,"46":1,"47":0,"48":1},"f":{"0":29,"1":9,"2":0,"3":0,"4":0,"5":0},"b":{"0":[1,0],"1":[29,0],"2":[29,0],"3":[1,0],"4":[0,1]},"_coverageSchema":"1a1c01bbd47fc00a2c39e90264f33305004495a9","hash":"e0ef7bbc9f3d682a63837b94eec640c2e32ea326"}
,"C:\\Users\\Jack\\Desktop\\user-management\\src\\config\\logger.js": {"path":"C:\\Users\\Jack\\Desktop\\user-management\\src\\config\\logger.js","statementMap":{"0":{"start":{"line":1,"column":15},"end":{"line":6,"column":1}},"1":{"start":{"line":2,"column":21},"end":{"line":2,"column":51}},"2":{"start":{"line":3,"column":22},"end":{"line":3,"column":55}},"3":{"start":{"line":4,"column":21},"end":{"line":4,"column":52}},"4":{"start":{"line":5,"column":22},"end":{"line":5,"column":55}},"5":{"start":{"line":8,"column":0},"end":{"line":8,"column":24}}},"fnMap":{"0":{"name":"(anonymous_0)","decl":{"start":{"line":2,"column":8},"end":{"line":2,"column":9}},"loc":{"start":{"line":2,"column":21},"end":{"line":2,"column":51}},"line":2},"1":{"name":"(anonymous_1)","decl":{"start":{"line":3,"column":9},"end":{"line":3,"column":10}},"loc":{"start":{"line":3,"column":22},"end":{"line":3,"column":55}},"line":3},"2":{"name":"(anonymous_2)","decl":{"start":{"line":4,"column":8},"end":{"line":4,"column":9}},"loc":{"start":{"line":4,"column":21},"end":{"line":4,"column":52}},"line":4},"3":{"name":"(anonymous_3)","decl":{"start":{"line":5,"column":9},"end":{"line":5,"column":10}},"loc":{"start":{"line":5,"column":22},"end":{"line":5,"column":55}},"line":5}},"branchMap":{},"s":{"0":1,"1":0,"2":0,"3":0,"4":0,"5":1},"f":{"0":0,"1":0,"2":0,"3":0},"b":{},"_coverageSchema":"1a1c01bbd47fc00a2c39e90264f33305004495a9","hash":"07577380cb7691520668799054fbcf6c4436ffbf"}
,"C:\\Users\\Jack\\Desktop\\user-management\\src\\config\\swagger.js": {"path":"C:\\Users\\Jack\\Desktop\\user-management\\src\\config\\swagger.js","statementMap":{"0":{"start":{"line":1,"column":21},"end":{"line":1,"column":45}},"1":{"start":{"line":3,"column":16},"end":{"line":29,"column":1}},"2":{"start":{"line":31,"column":20},"end":{"line":31,"column":41}},"3":{"start":{"line":33,"column":0},"end":{"line":33,"column":29}}},"fnMap":{},"branchMap":{},"s":{"0":1,"1":1,"2":1,"3":1},"f":{},"b":{},"_coverageSchema":"1a1c01bbd47fc00a2c39e90264f33305004495a9","hash":"bbdf428e33828a63c4e64d66dce4d575930e2340"}
,"C:\\Users\\Jack\\Desktop\\user-management\\src\\controllers\\authController.js": {"path":"C:\\Users\\Jack\\Desktop\\user-management\\src\\controllers\\authController.js","statementMap":{"0":{"start":{"line":1,"column":13},"end":{"line":1,"column":38}},"1":{"start":{"line":2,"column":23},"end":{"line":2,"column":58}},"2":{"start":{"line":3,"column":12},"end":{"line":3,"column":35}},"3":{"start":{"line":4,"column":15},"end":{"line":4,"column":34}},"4":{"start":{"line":6,"column":23},"end":{"line":145,"column":1}},"5":{"start":{"line":8,"column":4},"end":{"line":53,"column":5}},"6":{"start":{"line":9,"column":40},"end":{"line":9,"column":48}},"7":{"start":{"line":11,"column":21},"end":{"line":11,"column":23}},"8":{"start":{"line":12,"column":25},"end":{"line":12,"column":53}},"9":{"start":{"line":14,"column":6},"end":{"line":16,"column":7}},"10":{"start":{"line":15,"column":8},"end":{"line":15,"column":81}},"11":{"start":{"line":17,"column":6},"end":{"line":19,"column":7}},"12":{"start":{"line":18,"column":8},"end":{"line":18,"column":73}},"13":{"start":{"line":20,"column":6},"end":{"line":22,"column":7}},"14":{"start":{"line":21,"column":8},"end":{"line":21,"column":94}},"15":{"start":{"line":23,"column":6},"end":{"line":25,"column":7}},"16":{"start":{"line":24,"column":8},"end":{"line":24,"column":97}},"17":{"start":{"line":26,"column":6},"end":{"line":28,"column":7}},"18":{"start":{"line":27,"column":8},"end":{"line":27,"column":97}},"19":{"start":{"line":30,"column":6},"end":{"line":37,"column":7}},"20":{"start":{"line":31,"column":8},"end":{"line":36,"column":11}},"21":{"start":{"line":39,"column":30},"end":{"line":39,"column":49}},"22":{"start":{"line":40,"column":27},"end":{"line":40,"column":84}},"23":{"start":{"line":41,"column":6},"end":{"line":43,"column":7}},"24":{"start":{"line":42,"column":8},"end":{"line":42,"column":89}},"25":{"start":{"line":45,"column":19},"end":{"line":45,"column":80}},"26":{"start":{"line":47,"column":6},"end":{"line":50,"column":9}},"27":{"start":{"line":52,"column":6},"end":{"line":52,"column":18}},"28":{"start":{"line":57,"column":4},"end":{"line":86,"column":5}},"29":{"start":{"line":58,"column":34},"end":{"line":58,"column":42}},"30":{"start":{"line":59,"column":19},"end":{"line":59,"column":80}},"31":{"start":{"line":61,"column":6},"end":{"line":63,"column":7}},"32":{"start":{"line":62,"column":8},"end":{"line":62,"column":88}},"33":{"start":{"line":65,"column":26},"end":{"line":69,"column":7}},"34":{"start":{"line":70,"column":27},"end":{"line":74,"column":7}},"35":{"start":{"line":77,"column":6},"end":{"line":77,"column":40}},"36":{"start":{"line":78,"column":6},"end":{"line":78,"column":24}},"37":{"start":{"line":80,"column":6},"end":{"line":83,"column":9}},"38":{"start":{"line":85,"column":6},"end":{"line":85,"column":18}},"39":{"start":{"line":90,"column":4},"end":{"line":102,"column":5}},"40":{"start":{"line":91,"column":20},"end":{"line":91,"column":60}},"41":{"start":{"line":92,"column":6},"end":{"line":98,"column":7}},"42":{"start":{"line":93,"column":8},"end":{"line":93,"column":47}},"43":{"start":{"line":96,"column":24},"end":{"line":96,"column":65}},"44":{"start":{"line":97,"column":8},"end":{"line":97,"column":82}},"45":{"start":{"line":99,"column":6},"end":{"line":99,"column":28}},"46":{"start":{"line":101,"column":6},"end":{"line":101,"column":28}},"47":{"start":{"line":106,"column":4},"end":{"line":114,"column":5}},"48":{"start":{"line":107,"column":19},"end":{"line":107,"column":51}},"49":{"start":{"line":108,"column":6},"end":{"line":110,"column":7}},"50":{"start":{"line":109,"column":8},"end":{"line":109,"column":83}},"51":{"start":{"line":111,"column":6},"end":{"line":111,"column":81}},"52":{"start":{"line":113,"column":6},"end":{"line":113,"column":18}},"53":{"start":{"line":118,"column":4},"end":{"line":143,"column":5}},"54":{"start":{"line":119,"column":31},"end":{"line":119,"column":39}},"55":{"start":{"line":120,"column":6},"end":{"line":122,"column":7}},"56":{"start":{"line":121,"column":8},"end":{"line":121,"column":91}},"57":{"start":{"line":124,"column":22},"end":{"line":124,"column":78}},"58":{"start":{"line":125,"column":19},"end":{"line":125,"column":50}},"59":{"start":{"line":127,"column":6},"end":{"line":129,"column":7}},"60":{"start":{"line":128,"column":8},"end":{"line":128,"column":90}},"61":{"start":{"line":131,"column":26},"end":{"line":135,"column":7}},"62":{"start":{"line":137,"column":6},"end":{"line":140,"column":9}},"63":{"start":{"line":142,"column":6},"end":{"line":142,"column":88}},"64":{"start":{"line":147,"column":0},"end":{"line":147,"column":32}}},"fnMap":{"0":{"name":"(anonymous_0)","decl":{"start":{"line":7,"column":12},"end":{"line":7,"column":13}},"loc":{"start":{"line":7,"column":38},"end":{"line":54,"column":3}},"line":7},"1":{"name":"(anonymous_1)","decl":{"start":{"line":56,"column":9},"end":{"line":56,"column":10}},"loc":{"start":{"line":56,"column":35},"end":{"line":87,"column":3}},"line":56},"2":{"name":"(anonymous_2)","decl":{"start":{"line":89,"column":10},"end":{"line":89,"column":11}},"loc":{"start":{"line":89,"column":36},"end":{"line":103,"column":3}},"line":89},"3":{"name":"(anonymous_3)","decl":{"start":{"line":105,"column":6},"end":{"line":105,"column":7}},"loc":{"start":{"line":105,"column":32},"end":{"line":115,"column":3}},"line":105},"4":{"name":"(anonymous_4)","decl":{"start":{"line":117,"column":11},"end":{"line":117,"column":12}},"loc":{"start":{"line":117,"column":37},"end":{"line":144,"column":3}},"line":117}},"branchMap":{"0":{"loc":{"start":{"line":14,"column":6},"end":{"line":16,"column":7}},"type":"if","locations":[{"start":{"line":14,"column":6},"end":{"line":16,"column":7}},{"start":{},"end":{}}],"line":14},"1":{"loc":{"start":{"line":14,"column":10},"end":{"line":14,"column":55}},"type":"binary-expr","locations":[{"start":{"line":14,"column":10},"end":{"line":14,"column":15}},{"start":{"line":14,"column":19},"end":{"line":14,"column":34}},{"start":{"line":14,"column":38},"end":{"line":14,"column":55}}],"line":14},"2":{"loc":{"start":{"line":17,"column":6},"end":{"line":19,"column":7}},"type":"if","locations":[{"start":{"line":17,"column":6},"end":{"line":19,"column":7}},{"start":{},"end":{}}],"line":17},"3":{"loc":{"start":{"line":20,"column":6},"end":{"line":22,"column":7}},"type":"if","locations":[{"start":{"line":20,"column":6},"end":{"line":22,"column":7}},{"start":{},"end":{}}],"line":20},"4":{"loc":{"start":{"line":23,"column":6},"end":{"line":25,"column":7}},"type":"if","locations":[{"start":{"line":23,"column":6},"end":{"line":25,"column":7}},{"start":{},"end":{}}],"line":23},"5":{"loc":{"start":{"line":26,"column":6},"end":{"line":28,"column":7}},"type":"if","locations":[{"start":{"line":26,"column":6},"end":{"line":28,"column":7}},{"start":{},"end":{}}],"line":26},"6":{"loc":{"start":{"line":30,"column":6},"end":{"line":37,"column":7}},"type":"if","locations":[{"start":{"line":30,"column":6},"end":{"line":37,"column":7}},{"start":{},"end":{}}],"line":30},"7":{"loc":{"start":{"line":41,"column":6},"end":{"line":43,"column":7}},"type":"if","locations":[{"start":{"line":41,"column":6},"end":{"line":43,"column":7}},{"start":{},"end":{}}],"line":41},"8":{"loc":{"start":{"line":61,"column":6},"end":{"line":63,"column":7}},"type":"if","locations":[{"start":{"line":61,"column":6},"end":{"line":63,"column":7}},{"start":{},"end":{}}],"line":61},"9":{"loc":{"start":{"line":61,"column":10},"end":{"line":61,"column":67}},"type":"binary-expr","locations":[{"start":{"line":61,"column":10},"end":{"line":61,"column":15}},{"start":{"line":61,"column":19},"end":{"line":61,"column":67}}],"line":61},"10":{"loc":{"start":{"line":68,"column":21},"end":{"line":68,"column":56}},"type":"binary-expr","locations":[{"start":{"line":68,"column":21},"end":{"line":68,"column":47}},{"start":{"line":68,"column":51},"end":{"line":68,"column":56}}],"line":68},"11":{"loc":{"start":{"line":73,"column":21},"end":{"line":73,"column":63}},"type":"binary-expr","locations":[{"start":{"line":73,"column":21},"end":{"line":73,"column":55}},{"start":{"line":73,"column":59},"end":{"line":73,"column":63}}],"line":73},"12":{"loc":{"start":{"line":92,"column":6},"end":{"line":98,"column":7}},"type":"if","locations":[{"start":{"line":92,"column":6},"end":{"line":98,"column":7}},{"start":{},"end":{}}],"line":92},"13":{"loc":{"start":{"line":108,"column":6},"end":{"line":110,"column":7}},"type":"if","locations":[{"start":{"line":108,"column":6},"end":{"line":110,"column":7}},{"start":{},"end":{}}],"line":108},"14":{"loc":{"start":{"line":120,"column":6},"end":{"line":122,"column":7}},"type":"if","locations":[{"start":{"line":120,"column":6},"end":{"line":122,"column":7}},{"start":{},"end":{}}],"line":120},"15":{"loc":{"start":{"line":127,"column":6},"end":{"line":129,"column":7}},"type":"if","locations":[{"start":{"line":127,"column":6},"end":{"line":129,"column":7}},{"start":{},"end":{}}],"line":127},"16":{"loc":{"start":{"line":127,"column":10},"end":{"line":127,"column":54}},"type":"binary-expr","locations":[{"start":{"line":127,"column":10},"end":{"line":127,"column":15}},{"start":{"line":127,"column":19},"end":{"line":127,"column":54}}],"line":127},"17":{"loc":{"start":{"line":134,"column":21},"end":{"line":134,"column":56}},"type":"binary-expr","locations":[{"start":{"line":134,"column":21},"end":{"line":134,"column":47}},{"start":{"line":134,"column":51},"end":{"line":134,"column":56}}],"line":134}},"s":{"0":1,"1":1,"2":1,"3":1,"4":1,"5":10,"6":10,"7":10,"8":10,"9":10,"10":0,"11":10,"12":1,"13":10,"14":1,"15":10,"16":1,"17":10,"18":0,"19":10,"20":3,"21":7,"22":7,"23":7,"24":1,"25":6,"26":6,"27":0,"28":9,"29":9,"30":9,"31":9,"32":2,"33":7,"34":7,"35":7,"36":7,"37":7,"38":0,"39":2,"40":2,"41":2,"42":2,"43":2,"44":2,"45":2,"46":0,"47":0,"48":0,"49":0,"50":0,"51":0,"52":0,"53":0,"54":0,"55":0,"56":0,"57":0,"58":0,"59":0,"60":0,"61":0,"62":0,"63":0,"64":1},"f":{"0":10,"1":9,"2":2,"3":0,"4":0},"b":{"0":[0,10],"1":[10,10,10],"2":[1,9],"3":[1,9],"4":[1,9],"5":[0,10],"6":[3,7],"7":[1,6],"8":[2,7],"9":[9,8],"10":[7,0],"11":[7,0],"12":[2,0],"13":[0,0],"14":[0,0],"15":[0,0],"16":[0,0],"17":[0,0]},"_coverageSchema":"1a1c01bbd47fc00a2c39e90264f33305004495a9","hash":"268a8bbd5d19ac43f80075f1d8f52bcac6d5b347"}
,"C:\\Users\\Jack\\Desktop\\user-management\\src\\controllers\\userController.js": {"path":"C:\\Users\\Jack\\Desktop\\user-management\\src\\controllers\\userController.js","statementMap":{"0":{"start":{"line":1,"column":15},"end":{"line":1,"column":35}},"1":{"start":{"line":2,"column":13},"end":{"line":2,"column":38}},"2":{"start":{"line":5,"column":0},"end":{"line":56,"column":2}},"3":{"start":{"line":6,"column":2},"end":{"line":55,"column":3}},"4":{"start":{"line":7,"column":17},"end":{"line":7,"column":59}},"5":{"start":{"line":8,"column":18},"end":{"line":8,"column":77}},"6":{"start":{"line":9,"column":19},"end":{"line":9,"column":37}},"7":{"start":{"line":11,"column":65},"end":{"line":11,"column":74}},"8":{"start":{"line":14,"column":18},"end":{"line":14,"column":20}},"9":{"start":{"line":16,"column":4},"end":{"line":21,"column":5}},"10":{"start":{"line":17,"column":6},"end":{"line":20,"column":8}},"11":{"start":{"line":23,"column":4},"end":{"line":25,"column":5}},"12":{"start":{"line":24,"column":6},"end":{"line":24,"column":24}},"13":{"start":{"line":28,"column":24},"end":{"line":28,"column":54}},"14":{"start":{"line":29,"column":25},"end":{"line":29,"column":40}},"15":{"start":{"line":30,"column":22},"end":{"line":30,"column":69}},"16":{"start":{"line":31,"column":22},"end":{"line":31,"column":95}},"17":{"start":{"line":33,"column":28},"end":{"line":39,"column":6}},"18":{"start":{"line":41,"column":4},"end":{"line":52,"column":7}},"19":{"start":{"line":54,"column":4},"end":{"line":54,"column":70}},"20":{"start":{"line":59,"column":0},"end":{"line":72,"column":2}},"21":{"start":{"line":60,"column":2},"end":{"line":71,"column":3}},"22":{"start":{"line":61,"column":17},"end":{"line":61,"column":51}},"23":{"start":{"line":62,"column":4},"end":{"line":64,"column":5}},"24":{"start":{"line":63,"column":6},"end":{"line":63,"column":81}},"25":{"start":{"line":65,"column":4},"end":{"line":68,"column":7}},"26":{"start":{"line":70,"column":4},"end":{"line":70,"column":70}},"27":{"start":{"line":75,"column":0},"end":{"line":96,"column":2}},"28":{"start":{"line":76,"column":2},"end":{"line":95,"column":3}},"29":{"start":{"line":77,"column":17},"end":{"line":77,"column":51}},"30":{"start":{"line":78,"column":4},"end":{"line":80,"column":5}},"31":{"start":{"line":79,"column":6},"end":{"line":79,"column":81}},"32":{"start":{"line":82,"column":4},"end":{"line":82,"column":49}},"33":{"start":{"line":82,"column":23},"end":{"line":82,"column":49}},"34":{"start":{"line":83,"column":4},"end":{"line":83,"column":52}},"35":{"start":{"line":83,"column":24},"end":{"line":83,"column":52}},"36":{"start":{"line":84,"column":4},"end":{"line":84,"column":61}},"37":{"start":{"line":84,"column":27},"end":{"line":84,"column":61}},"38":{"start":{"line":85,"column":4},"end":{"line":85,"column":78}},"39":{"start":{"line":85,"column":52},"end":{"line":85,"column":78}},"40":{"start":{"line":87,"column":4},"end":{"line":87,"column":22}},"41":{"start":{"line":89,"column":4},"end":{"line":92,"column":7}},"42":{"start":{"line":94,"column":4},"end":{"line":94,"column":70}},"43":{"start":{"line":99,"column":0},"end":{"line":111,"column":2}},"44":{"start":{"line":100,"column":2},"end":{"line":110,"column":3}},"45":{"start":{"line":101,"column":17},"end":{"line":101,"column":51}},"46":{"start":{"line":102,"column":4},"end":{"line":104,"column":5}},"47":{"start":{"line":103,"column":6},"end":{"line":103,"column":81}},"48":{"start":{"line":106,"column":4},"end":{"line":106,"column":25}},"49":{"start":{"line":107,"column":4},"end":{"line":107,"column":27}},"50":{"start":{"line":109,"column":4},"end":{"line":109,"column":70}},"51":{"start":{"line":114,"column":0},"end":{"line":133,"column":2}},"52":{"start":{"line":115,"column":2},"end":{"line":132,"column":3}},"53":{"start":{"line":116,"column":17},"end":{"line":116,"column":51}},"54":{"start":{"line":117,"column":4},"end":{"line":119,"column":5}},"55":{"start":{"line":118,"column":6},"end":{"line":118,"column":81}},"56":{"start":{"line":121,"column":4},"end":{"line":124,"column":5}},"57":{"start":{"line":122,"column":6},"end":{"line":122,"column":42}},"58":{"start":{"line":123,"column":6},"end":{"line":123,"column":24}},"59":{"start":{"line":126,"column":4},"end":{"line":129,"column":7}},"60":{"start":{"line":131,"column":4},"end":{"line":131,"column":70}}},"fnMap":{"0":{"name":"(anonymous_0)","decl":{"start":{"line":5,"column":17},"end":{"line":5,"column":18}},"loc":{"start":{"line":5,"column":37},"end":{"line":56,"column":1}},"line":5},"1":{"name":"(anonymous_1)","decl":{"start":{"line":59,"column":18},"end":{"line":59,"column":19}},"loc":{"start":{"line":59,"column":38},"end":{"line":72,"column":1}},"line":59},"2":{"name":"(anonymous_2)","decl":{"start":{"line":75,"column":17},"end":{"line":75,"column":18}},"loc":{"start":{"line":75,"column":37},"end":{"line":96,"column":1}},"line":75},"3":{"name":"(anonymous_3)","decl":{"start":{"line":99,"column":17},"end":{"line":99,"column":18}},"loc":{"start":{"line":99,"column":37},"end":{"line":111,"column":1}},"line":99},"4":{"name":"(anonymous_4)","decl":{"start":{"line":114,"column":20},"end":{"line":114,"column":21}},"loc":{"start":{"line":114,"column":40},"end":{"line":133,"column":1}},"line":114}},"branchMap":{"0":{"loc":{"start":{"line":7,"column":29},"end":{"line":7,"column":58}},"type":"binary-expr","locations":[{"start":{"line":7,"column":29},"end":{"line":7,"column":53}},{"start":{"line":7,"column":57},"end":{"line":7,"column":58}}],"line":7},"1":{"loc":{"start":{"line":8,"column":44},"end":{"line":8,"column":75}},"type":"binary-expr","locations":[{"start":{"line":8,"column":44},"end":{"line":8,"column":69}},{"start":{"line":8,"column":73},"end":{"line":8,"column":75}}],"line":8},"2":{"loc":{"start":{"line":11,"column":26},"end":{"line":11,"column":44}},"type":"default-arg","locations":[{"start":{"line":11,"column":33},"end":{"line":11,"column":44}}],"line":11},"3":{"loc":{"start":{"line":11,"column":46},"end":{"line":11,"column":60}},"type":"default-arg","locations":[{"start":{"line":11,"column":54},"end":{"line":11,"column":60}}],"line":11},"4":{"loc":{"start":{"line":16,"column":4},"end":{"line":21,"column":5}},"type":"if","locations":[{"start":{"line":16,"column":4},"end":{"line":21,"column":5}},{"start":{},"end":{}}],"line":16},"5":{"loc":{"start":{"line":23,"column":4},"end":{"line":25,"column":5}},"type":"if","locations":[{"start":{"line":23,"column":4},"end":{"line":25,"column":5}},{"start":{},"end":{}}],"line":23},"6":{"loc":{"start":{"line":23,"column":8},"end":{"line":23,"column":48}},"type":"binary-expr","locations":[{"start":{"line":23,"column":8},"end":{"line":23,"column":12}},{"start":{"line":23,"column":16},"end":{"line":23,"column":48}}],"line":23},"7":{"loc":{"start":{"line":30,"column":22},"end":{"line":30,"column":69}},"type":"cond-expr","locations":[{"start":{"line":30,"column":51},"end":{"line":30,"column":55}},{"start":{"line":30,"column":58},"end":{"line":30,"column":69}}],"line":30},"8":{"loc":{"start":{"line":31,"column":22},"end":{"line":31,"column":95}},"type":"cond-expr","locations":[{"start":{"line":31,"column":67},"end":{"line":31,"column":86}},{"start":{"line":31,"column":89},"end":{"line":31,"column":95}}],"line":31},"9":{"loc":{"start":{"line":62,"column":4},"end":{"line":64,"column":5}},"type":"if","locations":[{"start":{"line":62,"column":4},"end":{"line":64,"column":5}},{"start":{},"end":{}}],"line":62},"10":{"loc":{"start":{"line":78,"column":4},"end":{"line":80,"column":5}},"type":"if","locations":[{"start":{"line":78,"column":4},"end":{"line":80,"column":5}},{"start":{},"end":{}}],"line":78},"11":{"loc":{"start":{"line":82,"column":4},"end":{"line":82,"column":49}},"type":"if","locations":[{"start":{"line":82,"column":4},"end":{"line":82,"column":49}},{"start":{},"end":{}}],"line":82},"12":{"loc":{"start":{"line":83,"column":4},"end":{"line":83,"column":52}},"type":"if","locations":[{"start":{"line":83,"column":4},"end":{"line":83,"column":52}},{"start":{},"end":{}}],"line":83},"13":{"loc":{"start":{"line":84,"column":4},"end":{"line":84,"column":61}},"type":"if","locations":[{"start":{"line":84,"column":4},"end":{"line":84,"column":61}},{"start":{},"end":{}}],"line":84},"14":{"loc":{"start":{"line":85,"column":4},"end":{"line":85,"column":78}},"type":"if","locations":[{"start":{"line":85,"column":4},"end":{"line":85,"column":78}},{"start":{},"end":{}}],"line":85},"15":{"loc":{"start":{"line":85,"column":8},"end":{"line":85,"column":50}},"type":"binary-expr","locations":[{"start":{"line":85,"column":8},"end":{"line":85,"column":21}},{"start":{"line":85,"column":25},"end":{"line":85,"column":50}}],"line":85},"16":{"loc":{"start":{"line":102,"column":4},"end":{"line":104,"column":5}},"type":"if","locations":[{"start":{"line":102,"column":4},"end":{"line":104,"column":5}},{"start":{},"end":{}}],"line":102},"17":{"loc":{"start":{"line":117,"column":4},"end":{"line":119,"column":5}},"type":"if","locations":[{"start":{"line":117,"column":4},"end":{"line":119,"column":5}},{"start":{},"end":{}}],"line":117},"18":{"loc":{"start":{"line":121,"column":4},"end":{"line":124,"column":5}},"type":"if","locations":[{"start":{"line":121,"column":4},"end":{"line":124,"column":5}},{"start":{},"end":{}}],"line":121}},"s":{"0":1,"1":1,"2":1,"3":1,"4":1,"5":1,"6":1,"7":1,"8":1,"9":1,"10":0,"11":1,"12":0,"13":1,"14":1,"15":1,"16":1,"17":1,"18":1,"19":0,"20":1,"21":2,"22":2,"23":2,"24":1,"25":1,"26":0,"27":1,"28":1,"29":1,"30":1,"31":0,"32":1,"33":1,"34":1,"35":0,"36":1,"37":0,"38":1,"39":0,"40":1,"41":1,"42":0,"43":1,"44":0,"45":0,"46":0,"47":0,"48":0,"49":0,"50":0,"51":1,"52":0,"53":0,"54":0,"55":0,"56":0,"57":0,"58":0,"59":0,"60":0},"f":{"0":1,"1":2,"2":1,"3":0,"4":0},"b":{"0":[1,0],"1":[1,0],"2":[1],"3":[1],"4":[0,1],"5":[0,1],"6":[1,0],"7":[1,0],"8":[1,0],"9":[1,1],"10":[0,1],"11":[1,0],"12":[0,1],"13":[0,1],"14":[0,1],"15":[1,0],"16":[0,0],"17":[0,0],"18":[0,0]},"_coverageSchema":"1a1c01bbd47fc00a2c39e90264f33305004495a9","hash":"5bf5630234c8d94b4f08511dfab77e9018ab2b0f"}
,"C:\\Users\\Jack\\Desktop\\user-management\\src\\middlewares\\auth.js": {"path":"C:\\Users\\Jack\\Desktop\\user-management\\src\\middlewares\\auth.js","statementMap":{"0":{"start":{"line":1,"column":12},"end":{"line":1,"column":35}},"1":{"start":{"line":2,"column":23},"end":{"line":2,"column":58}},"2":{"start":{"line":4,"column":0},"end":{"line":33,"column":2}},"3":{"start":{"line":5,"column":2},"end":{"line":32,"column":3}},"4":{"start":{"line":6,"column":23},"end":{"line":6,"column":48}},"5":{"start":{"line":7,"column":4},"end":{"line":12,"column":5}},"6":{"start":{"line":8,"column":6},"end":{"line":11,"column":9}},"7":{"start":{"line":14,"column":18},"end":{"line":14,"column":42}},"8":{"start":{"line":15,"column":20},"end":{"line":15,"column":61}},"9":{"start":{"line":17,"column":20},"end":{"line":17,"column":70}},"10":{"start":{"line":18,"column":4},"end":{"line":23,"column":5}},"11":{"start":{"line":19,"column":6},"end":{"line":22,"column":9}},"12":{"start":{"line":25,"column":4},"end":{"line":25,"column":23}},"13":{"start":{"line":26,"column":4},"end":{"line":26,"column":11}},"14":{"start":{"line":28,"column":4},"end":{"line":31,"column":7}},"15":{"start":{"line":35,"column":0},"end":{"line":45,"column":2}},"16":{"start":{"line":36,"column":2},"end":{"line":44,"column":4}},"17":{"start":{"line":37,"column":4},"end":{"line":42,"column":5}},"18":{"start":{"line":38,"column":6},"end":{"line":41,"column":9}},"19":{"start":{"line":43,"column":4},"end":{"line":43,"column":11}},"20":{"start":{"line":47,"column":0},"end":{"line":63,"column":2}},"21":{"start":{"line":48,"column":2},"end":{"line":50,"column":3}},"22":{"start":{"line":49,"column":4},"end":{"line":49,"column":77}},"23":{"start":{"line":52,"column":18},"end":{"line":52,"column":58}},"24":{"start":{"line":53,"column":18},"end":{"line":53,"column":43}},"25":{"start":{"line":55,"column":2},"end":{"line":62,"column":3}},"26":{"start":{"line":56,"column":4},"end":{"line":56,"column":11}},"27":{"start":{"line":58,"column":4},"end":{"line":61,"column":7}}},"fnMap":{"0":{"name":"(anonymous_0)","decl":{"start":{"line":4,"column":23},"end":{"line":4,"column":24}},"loc":{"start":{"line":4,"column":49},"end":{"line":33,"column":1}},"line":4},"1":{"name":"(anonymous_1)","decl":{"start":{"line":35,"column":22},"end":{"line":35,"column":23}},"loc":{"start":{"line":35,"column":32},"end":{"line":45,"column":1}},"line":35},"2":{"name":"(anonymous_2)","decl":{"start":{"line":36,"column":9},"end":{"line":36,"column":10}},"loc":{"start":{"line":36,"column":29},"end":{"line":44,"column":3}},"line":36},"3":{"name":"(anonymous_3)","decl":{"start":{"line":47,"column":30},"end":{"line":47,"column":31}},"loc":{"start":{"line":47,"column":50},"end":{"line":63,"column":1}},"line":47}},"branchMap":{"0":{"loc":{"start":{"line":7,"column":4},"end":{"line":12,"column":5}},"type":"if","locations":[{"start":{"line":7,"column":4},"end":{"line":12,"column":5}},{"start":{},"end":{}}],"line":7},"1":{"loc":{"start":{"line":7,"column":8},"end":{"line":7,"column":56}},"type":"binary-expr","locations":[{"start":{"line":7,"column":8},"end":{"line":7,"column":19}},{"start":{"line":7,"column":23},"end":{"line":7,"column":56}}],"line":7},"2":{"loc":{"start":{"line":18,"column":4},"end":{"line":23,"column":5}},"type":"if","locations":[{"start":{"line":18,"column":4},"end":{"line":23,"column":5}},{"start":{},"end":{}}],"line":18},"3":{"loc":{"start":{"line":37,"column":4},"end":{"line":42,"column":5}},"type":"if","locations":[{"start":{"line":37,"column":4},"end":{"line":42,"column":5}},{"start":{},"end":{}}],"line":37},"4":{"loc":{"start":{"line":37,"column":8},"end":{"line":37,"column":43}},"type":"binary-expr","locations":[{"start":{"line":37,"column":8},"end":{"line":37,"column":17}},{"start":{"line":37,"column":21},"end":{"line":37,"column":43}}],"line":37},"5":{"loc":{"start":{"line":48,"column":2},"end":{"line":50,"column":3}},"type":"if","locations":[{"start":{"line":48,"column":2},"end":{"line":50,"column":3}},{"start":{},"end":{}}],"line":48},"6":{"loc":{"start":{"line":55,"column":2},"end":{"line":62,"column":3}},"type":"if","locations":[{"start":{"line":55,"column":2},"end":{"line":62,"column":3}},{"start":{"line":57,"column":9},"end":{"line":62,"column":3}}],"line":55},"7":{"loc":{"start":{"line":55,"column":6},"end":{"line":55,"column":24}},"type":"binary-expr","locations":[{"start":{"line":55,"column":6},"end":{"line":55,"column":13}},{"start":{"line":55,"column":17},"end":{"line":55,"column":24}}],"line":55}},"s":{"0":1,"1":1,"2":1,"3":8,"4":8,"5":8,"6":1,"7":7,"8":7,"9":7,"10":7,"11":2,"12":5,"13":5,"14":0,"15":1,"16":3,"17":2,"18":1,"19":1,"20":1,"21":3,"22":0,"23":3,"24":3,"25":3,"26":3,"27":0},"f":{"0":8,"1":3,"2":2,"3":3},"b":{"0":[1,7],"1":[8,7],"2":[2,5],"3":[1,1],"4":[2,2],"5":[0,3],"6":[3,0],"7":[3,1]},"_coverageSchema":"1a1c01bbd47fc00a2c39e90264f33305004495a9","hash":"67c04cd52913406aeaa9f2753081074367e837d6"}
,"C:\\Users\\Jack\\Desktop\\user-management\\src\\middlewares\\errorHandler.js": {"path":"C:\\Users\\Jack\\Desktop\\user-management\\src\\middlewares\\errorHandler.js","statementMap":{"0":{"start":{"line":1,"column":15},"end":{"line":1,"column":42}},"1":{"start":{"line":3,"column":21},"end":{"line":18,"column":1}},"2":{"start":{"line":5,"column":2},"end":{"line":9,"column":3}},"3":{"start":{"line":6,"column":4},"end":{"line":6,"column":62}},"4":{"start":{"line":8,"column":4},"end":{"line":8,"column":29}},"5":{"start":{"line":11,"column":21},"end":{"line":11,"column":42}},"6":{"start":{"line":13,"column":2},"end":{"line":17,"column":5}},"7":{"start":{"line":20,"column":0},"end":{"line":20,"column":30}}},"fnMap":{"0":{"name":"(anonymous_0)","decl":{"start":{"line":3,"column":21},"end":{"line":3,"column":22}},"loc":{"start":{"line":3,"column":46},"end":{"line":18,"column":1}},"line":3}},"branchMap":{"0":{"loc":{"start":{"line":5,"column":2},"end":{"line":9,"column":3}},"type":"if","locations":[{"start":{"line":5,"column":2},"end":{"line":9,"column":3}},{"start":{"line":7,"column":9},"end":{"line":9,"column":3}}],"line":5},"1":{"loc":{"start":{"line":5,"column":6},"end":{"line":5,"column":50}},"type":"binary-expr","locations":[{"start":{"line":5,"column":6},"end":{"line":5,"column":12}},{"start":{"line":5,"column":16},"end":{"line":5,"column":50}}],"line":5},"2":{"loc":{"start":{"line":11,"column":21},"end":{"line":11,"column":42}},"type":"binary-expr","locations":[{"start":{"line":11,"column":21},"end":{"line":11,"column":35}},{"start":{"line":11,"column":39},"end":{"line":11,"column":42}}],"line":11},"3":{"loc":{"start":{"line":15,"column":13},"end":{"line":15,"column":51}},"type":"binary-expr","locations":[{"start":{"line":15,"column":13},"end":{"line":15,"column":24}},{"start":{"line":15,"column":28},"end":{"line":15,"column":51}}],"line":15},"4":{"loc":{"start":{"line":16,"column":8},"end":{"line":16,"column":70}},"type":"binary-expr","locations":[{"start":{"line":16,"column":8},"end":{"line":16,"column":46}},{"start":{"line":16,"column":50},"end":{"line":16,"column":70}}],"line":16}},"s":{"0":1,"1":1,"2":0,"3":0,"4":0,"5":0,"6":0,"7":1},"f":{"0":0},"b":{"0":[0,0],"1":[0,0],"2":[0,0],"3":[0,0],"4":[0,0]},"_coverageSchema":"1a1c01bbd47fc00a2c39e90264f33305004495a9","hash":"f41ea411d01259bea954c524c102ffa493a8b8f4"}
,"C:\\Users\\Jack\\Desktop\\user-management\\src\\middlewares\\validate.js": {"path":"C:\\Users\\Jack\\Desktop\\user-management\\src\\middlewares\\validate.js","statementMap":{"0":{"start":{"line":1,"column":35},"end":{"line":1,"column":63}},"1":{"start":{"line":3,"column":25},"end":{"line":14,"column":1}},"2":{"start":{"line":4,"column":17},"end":{"line":4,"column":38}},"3":{"start":{"line":5,"column":2},"end":{"line":12,"column":3}},"4":{"start":{"line":6,"column":4},"end":{"line":11,"column":7}},"5":{"start":{"line":9,"column":41},"end":{"line":9,"column":74}},"6":{"start":{"line":13,"column":2},"end":{"line":13,"column":9}},"7":{"start":{"line":16,"column":22},"end":{"line":35,"column":1}},"8":{"start":{"line":37,"column":19},"end":{"line":41,"column":1}},"9":{"start":{"line":43,"column":24},"end":{"line":62,"column":1}},"10":{"start":{"line":64,"column":20},"end":{"line":67,"column":1}},"11":{"start":{"line":69,"column":0},"end":{"line":69,"column":77}}},"fnMap":{"0":{"name":"(anonymous_0)","decl":{"start":{"line":3,"column":25},"end":{"line":3,"column":26}},"loc":{"start":{"line":3,"column":45},"end":{"line":14,"column":1}},"line":3},"1":{"name":"(anonymous_1)","decl":{"start":{"line":9,"column":33},"end":{"line":9,"column":34}},"loc":{"start":{"line":9,"column":41},"end":{"line":9,"column":74}},"line":9}},"branchMap":{"0":{"loc":{"start":{"line":5,"column":2},"end":{"line":12,"column":3}},"type":"if","locations":[{"start":{"line":5,"column":2},"end":{"line":12,"column":3}},{"start":{},"end":{}}],"line":5}},"s":{"0":1,"1":1,"2":1,"3":1,"4":0,"5":0,"6":1,"7":1,"8":1,"9":1,"10":1,"11":1},"f":{"0":1,"1":0},"b":{"0":[0,1]},"_coverageSchema":"1a1c01bbd47fc00a2c39e90264f33305004495a9","hash":"4cc108295c19870586922b9913449d6acf0cb3a0"}
,"C:\\Users\\Jack\\Desktop\\user-management\\src\\models\\TokenBlacklist.js": {"path":"C:\\Users\\Jack\\Desktop\\user-management\\src\\models\\TokenBlacklist.js","statementMap":{"0":{"start":{"line":1,"column":22},"end":{"line":1,"column":42}},"1":{"start":{"line":2,"column":18},"end":{"line":2,"column":47}},"2":{"start":{"line":4,"column":23},"end":{"line":14,"column":2}},"3":{"start":{"line":16,"column":0},"end":{"line":16,"column":32}}},"fnMap":{},"branchMap":{},"s":{"0":1,"1":1,"2":1,"3":1},"f":{},"b":{},"_coverageSchema":"1a1c01bbd47fc00a2c39e90264f33305004495a9","hash":"76860cee1bd68487e6d72ca4649885641321abc0"}
,"C:\\Users\\Jack\\Desktop\\user-management\\src\\models\\User.js": {"path":"C:\\Users\\Jack\\Desktop\\user-management\\src\\models\\User.js","statementMap":{"0":{"start":{"line":1,"column":22},"end":{"line":1,"column":42}},"1":{"start":{"line":2,"column":18},"end":{"line":2,"column":47}},"2":{"start":{"line":3,"column":15},"end":{"line":3,"column":34}},"3":{"start":{"line":5,"column":13},"end":{"line":61,"column":2}},"4":{"start":{"line":43,"column":6},"end":{"line":46,"column":7}},"5":{"start":{"line":44,"column":21},"end":{"line":44,"column":45}},"6":{"start":{"line":45,"column":8},"end":{"line":45,"column":63}},"7":{"start":{"line":47,"column":6},"end":{"line":49,"column":7}},"8":{"start":{"line":48,"column":8},"end":{"line":48,"column":46}},"9":{"start":{"line":52,"column":6},"end":{"line":55,"column":7}},"10":{"start":{"line":53,"column":21},"end":{"line":53,"column":45}},"11":{"start":{"line":54,"column":8},"end":{"line":54,"column":63}},"12":{"start":{"line":56,"column":6},"end":{"line":58,"column":7}},"13":{"start":{"line":57,"column":8},"end":{"line":57,"column":46}},"14":{"start":{"line":63,"column":0},"end":{"line":68,"column":2}},"15":{"start":{"line":64,"column":17},"end":{"line":64,"column":34}},"16":{"start":{"line":65,"column":2},"end":{"line":65,"column":25}},"17":{"start":{"line":66,"column":2},"end":{"line":66,"column":30}},"18":{"start":{"line":67,"column":2},"end":{"line":67,"column":16}},"19":{"start":{"line":70,"column":0},"end":{"line":70,"column":22}}},"fnMap":{"0":{"name":"(anonymous_0)","decl":{"start":{"line":42,"column":18},"end":{"line":42,"column":19}},"loc":{"start":{"line":42,"column":34},"end":{"line":50,"column":5}},"line":42},"1":{"name":"(anonymous_1)","decl":{"start":{"line":51,"column":18},"end":{"line":51,"column":19}},"loc":{"start":{"line":51,"column":34},"end":{"line":59,"column":5}},"line":51},"2":{"name":"(anonymous_2)","decl":{"start":{"line":63,"column":28},"end":{"line":63,"column":29}},"loc":{"start":{"line":63,"column":40},"end":{"line":68,"column":1}},"line":63}},"branchMap":{"0":{"loc":{"start":{"line":43,"column":6},"end":{"line":46,"column":7}},"type":"if","locations":[{"start":{"line":43,"column":6},"end":{"line":46,"column":7}},{"start":{},"end":{}}],"line":43},"1":{"loc":{"start":{"line":43,"column":10},"end":{"line":43,"column":58}},"type":"binary-expr","locations":[{"start":{"line":43,"column":10},"end":{"line":43,"column":23}},{"start":{"line":43,"column":27},"end":{"line":43,"column":58}}],"line":43},"2":{"loc":{"start":{"line":47,"column":6},"end":{"line":49,"column":7}},"type":"if","locations":[{"start":{"line":47,"column":6},"end":{"line":49,"column":7}},{"start":{},"end":{}}],"line":47},"3":{"loc":{"start":{"line":52,"column":6},"end":{"line":55,"column":7}},"type":"if","locations":[{"start":{"line":52,"column":6},"end":{"line":55,"column":7}},{"start":{},"end":{}}],"line":52},"4":{"loc":{"start":{"line":52,"column":10},"end":{"line":52,"column":69}},"type":"binary-expr","locations":[{"start":{"line":52,"column":10},"end":{"line":52,"column":34}},{"start":{"line":52,"column":38},"end":{"line":52,"column":69}}],"line":52},"5":{"loc":{"start":{"line":56,"column":6},"end":{"line":58,"column":7}},"type":"if","locations":[{"start":{"line":56,"column":6},"end":{"line":58,"column":7}},{"start":{},"end":{}}],"line":56}},"s":{"0":1,"1":1,"2":1,"3":1,"4":7,"5":6,"6":6,"7":7,"8":7,"9":8,"10":0,"11":0,"12":8,"13":8,"14":1,"15":15,"16":15,"17":15,"18":15,"19":1},"f":{"0":7,"1":8,"2":15},"b":{"0":[6,1],"1":[7,7],"2":[7,0],"3":[0,8],"4":[8,0],"5":[8,0]},"_coverageSchema":"1a1c01bbd47fc00a2c39e90264f33305004495a9","hash":"86d253b110652b112bc64c62020854c8fe8aefcd"}
,"C:\\Users\\Jack\\Desktop\\user-management\\src\\routes\\auth.js": {"path":"C:\\Users\\Jack\\Desktop\\user-management\\src\\routes\\auth.js","statementMap":{"0":{"start":{"line":1,"column":16},"end":{"line":1,"column":34}},"1":{"start":{"line":2,"column":15},"end":{"line":2,"column":31}},"2":{"start":{"line":3,"column":23},"end":{"line":3,"column":63}},"3":{"start":{"line":4,"column":25},"end":{"line":4,"column":55}},"4":{"start":{"line":6,"column":0},"end":{"line":6,"column":50}},"5":{"start":{"line":7,"column":0},"end":{"line":7,"column":44}},"6":{"start":{"line":8,"column":0},"end":{"line":8,"column":46}},"7":{"start":{"line":9,"column":0},"end":{"line":9,"column":48}},"8":{"start":{"line":10,"column":0},"end":{"line":10,"column":51}},"9":{"start":{"line":12,"column":0},"end":{"line":12,"column":24}}},"fnMap":{},"branchMap":{},"s":{"0":1,"1":1,"2":1,"3":1,"4":1,"5":1,"6":1,"7":1,"8":1,"9":1},"f":{},"b":{},"_coverageSchema":"1a1c01bbd47fc00a2c39e90264f33305004495a9","hash":"f99df0c7a695a73744dfc5d1b5a3930b09dfb894"}
,"C:\\Users\\Jack\\Desktop\\user-management\\src\\routes\\users.js": {"path":"C:\\Users\\Jack\\Desktop\\user-management\\src\\routes\\users.js","statementMap":{"0":{"start":{"line":1,"column":16},"end":{"line":1,"column":34}},"1":{"start":{"line":2,"column":15},"end":{"line":2,"column":31}},"2":{"start":{"line":3,"column":23},"end":{"line":3,"column":63}},"3":{"start":{"line":4,"column":59},"end":{"line":4,"column":89}},"4":{"start":{"line":5,"column":41},"end":{"line":5,"column":75}},"5":{"start":{"line":64,"column":0},"end":{"line":64,"column":75}},"6":{"start":{"line":90,"column":0},"end":{"line":90,"column":78}},"7":{"start":{"line":134,"column":0},"end":{"line":134,"column":94}},"8":{"start":{"line":160,"column":0},"end":{"line":160,"column":81}},"9":{"start":{"line":196,"column":0},"end":{"line":196,"column":103}},"10":{"start":{"line":198,"column":0},"end":{"line":198,"column":24}}},"fnMap":{},"branchMap":{},"s":{"0":1,"1":1,"2":1,"3":1,"4":1,"5":1,"6":1,"7":1,"8":1,"9":1,"10":1},"f":{},"b":{},"_coverageSchema":"1a1c01bbd47fc00a2c39e90264f33305004495a9","hash":"95512e276e7e3e22759468871f1e27f474ef1a66"}
}
